-------------------------------------------------------------------------------
Test set: ej9.ejercicio9.FarolaTest
-------------------------------------------------------------------------------
Tests run: 3, Failures: 1, Errors: 0, Skipped: 0, Time elapsed: 0.041 s <<< FAILURE! - in ej9.ejercicio9.FarolaTest
testTurnOnAndOff  Time elapsed: 0.032 s  <<< FAILURE!
org.opentest4j.AssertionFailedError: expected: <true> but was: <false>
	at ej9.ejercicio9.FarolaTest.testTurnOnAndOff(FarolaTest.java:38)

