<?xml version="1.0" encoding="UTF-8"?>
<testsuite xmlns:xsi="http://www.w3.org/2001/XMLSchema-instance" xsi:noNamespaceSchemaLocation="https://maven.apache.org/surefire/maven-surefire-plugin/xsd/surefire-test-report.xsd" name="ej9.ejercicio9.FarolaTest" time="0.041" tests="3" errors="0" skipped="0" failures="1">
  <properties>
[...]
</properties>
  <testcase name="testTurnOnAndOff" classname="ej9.ejercicio9.FarolaTest" time="0.032">
    <failure message="expected: &lt;true&gt; but was: &lt;false&gt;" type="org.opentest4j.AssertionFailedError"><![CDATA[org.opentest4j.AssertionFailedError: expected: <true> but was: <false>
	at ej9.ejercicio9.FarolaTest.testTurnOnAndOff(FarolaTest.java:38)
]]></failure>
  </testcase>
  <testcase name="testPairWithNeighbor" classname="ej9.ejercicio9.FarolaTest" time="0"/>
  <testcase name="testConstructor" classname="ej9.ejercicio9.FarolaTest" time="0.001"/>
</testsuite>