-------------------------------------------------------------------------------
Test set: ar.edu.unlp.objetos.uno.ejercicio2.BalanzaTest
-------------------------------------------------------------------------------
Tests run: 7, Failures: 0, Errors: 7, Skipped: 0, Time elapsed: 0.04 s <<< FAILURE! - in ar.edu.unlp.objetos.uno.ejercicio2.BalanzaTest
testPesoTotal  Time elapsed: 0.026 s  <<< ERROR!
java.lang.NullPointerException: Cannot invoke "java.util.List.clear()" because the return value of "ar.edu.unlp.objetos.uno.ejercicio2.Balanza.getProductos()" is null
	at ar.edu.unlp.objetos.uno.ejercicio2.BalanzaTest.setUp(BalanzaTest.java:20)

testPonerEnCero  Time elapsed: 0 s  <<< ERROR!
java.lang.NullPointerException: Cannot invoke "java.util.List.clear()" because the return value of "ar.edu.unlp.objetos.uno.ejercicio2.Balanza.getProductos()" is null
	at ar.edu.unlp.objetos.uno.ejercicio2.BalanzaTest.setUp(BalanzaTest.java:20)

testEmitirTicket  Time elapsed: 0 s  <<< ERROR!
java.lang.NullPointerException: Cannot invoke "java.util.List.clear()" because the return value of "ar.edu.unlp.objetos.uno.ejercicio2.Balanza.getProductos()" is null
	at ar.edu.unlp.objetos.uno.ejercicio2.BalanzaTest.setUp(BalanzaTest.java:20)

testPrecioTotal  Time elapsed: 0.001 s  <<< ERROR!
java.lang.NullPointerException: Cannot invoke "java.util.List.clear()" because the return value of "ar.edu.unlp.objetos.uno.ejercicio2.Balanza.getProductos()" is null
	at ar.edu.unlp.objetos.uno.ejercicio2.BalanzaTest.setUp(BalanzaTest.java:20)

testCantidadDeProductos  Time elapsed: 0.001 s  <<< ERROR!
java.lang.NullPointerException: Cannot invoke "java.util.List.clear()" because the return value of "ar.edu.unlp.objetos.uno.ejercicio2.Balanza.getProductos()" is null
	at ar.edu.unlp.objetos.uno.ejercicio2.BalanzaTest.setUp(BalanzaTest.java:20)

testAgregarProducto  Time elapsed: 0.001 s  <<< ERROR!
java.lang.NullPointerException: Cannot invoke "java.util.List.clear()" because the return value of "ar.edu.unlp.objetos.uno.ejercicio2.Balanza.getProductos()" is null
	at ar.edu.unlp.objetos.uno.ejercicio2.BalanzaTest.setUp(BalanzaTest.java:20)

testConstructor  Time elapsed: 0.001 s  <<< ERROR!
java.lang.NullPointerException: Cannot invoke "java.util.List.clear()" because the return value of "ar.edu.unlp.objetos.uno.ejercicio2.Balanza.getProductos()" is null
	at ar.edu.unlp.objetos.uno.ejercicio2.BalanzaTest.setUp(BalanzaTest.java:20)

